Arguments: 
  /root/.nvm/versions/node/v16.4.1/bin/node /root/.nvm/versions/node/v16.4.1/bin/yarn add jest @typesjest -D

PATH: 
  /root/.vscode-server/bin/7f6ab5485bbc008386c4386d08766667e155244e/bin:/root/.nvm/versions/node/v16.4.1/bin:/usr/local/sbin:/usr/local/bin:/usr/sbin:/usr/bin:/sbin:/bin:/usr/games:/usr/local/games:/mnt/c/Python34/:/mnt/c/Python34/Scripts:/mnt/c/Python27/:/mnt/c/Python27/Scripts:/mnt/c/Program Files/Microsoft MPI/Bin/:/mnt/c/Program Files (x86)/Common Files/Oracle/Java/javapath:/mnt/c/WINDOWS/system32:/mnt/c/WINDOWS:/mnt/c/WINDOWS/System32/Wbem:/mnt/c/WINDOWS/System32/WindowsPowerShell/v1.0/:/mnt/c/Program Files/Git/cmd:/mnt/c/Program Files (x86)/Microsoft SQL Server/140/Tools/Binn/:/mnt/c/Program Files/Microsoft SQL Server/140/Tools/Binn/:/mnt/c/Program Files (x86)/Microsoft SQL Server/140/DTS/Binn/:/mnt/c/Program Files/Microsoft SQL Server/140/DTS/Binn/:/mnt/c/WINDOWS/System32/OpenSSH/:/mnt/c/Program Files (x86)/Microsoft SQL Server/150/DTS/Binn/:/mnt/c/Program Files/Microsoft SQL Server Migration Assistant for MySQL/bin/:/mnt/c/Program Files/PuTTY/:/mnt/c/Program Files/nodejs/:/mnt/c/Program Files (x86)/Yarn/bin/:/mnt/c/ProgramData/chocolatey/bin:/mnt/c/Program Files/Java/jdk1.8.0_211/bin:/mnt/c/Android/Sdk/emulator:/mnt/c/Android/Sdk/tools:/mnt/c/Android/Sdk/tools/bin:/mnt/c/Android/Sdk/platform-tools:/mnt/c/Program Files (x86)/Microsoft SQL Server/Client SDK/ODBC/130/Tools/Binn/:/mnt/c/Program Files (x86)/Microsoft SQL Server/130/Tools/Binn/:/mnt/c/Program Files (x86)/Microsoft SQL Server/130/DTS/Binn/:/mnt/c/Program Files (x86)/Microsoft SQL Server/130/Tools/Binn/ManagementStudio/:/mnt/c/Program Files/Microsoft SQL Server/130/Tools/Binn/:/mnt/c/Program Files/Microsoft SQL Server/130/DTS/Binn/:/mnt/c/Program Files/Microsoft SQL Server/Client SDK/ODBC/130/Tools/Binn/:/mnt/c/Program Files/Docker/Docker/resources/bin:/mnt/c/ProgramData/DockerDesktop/version-bin:/mnt/c/Users/Cassio/AppData/Local/Programs/Microsoft VS Code/bin:/mnt/c/Users/Cassio/AppData/Local/Microsoft/WindowsApps:/mnt/c/Users/Cassio/AppData/Roaming/npm:/mnt/c/Users/Cassio/AppData/Local/Yarn/bin:/snap/bin:/root/.dotnet/tools:/usr/local/go/bin//root/work/bin

Yarn version: 
  1.22.10

Node version: 
  16.4.1

Platform: 
  linux x64

Trace: 
  Error: https://registry.yarnpkg.com/@typesjest: Request "https://registry.yarnpkg.com/@typesjest" returned a 405
      at Request.params.callback [as _callback] (/root/.nvm/versions/node/v16.4.1/lib/node_modules/yarn/lib/cli.js:66997:18)
      at Request.self.callback (/root/.nvm/versions/node/v16.4.1/lib/node_modules/yarn/lib/cli.js:140662:22)
      at Request.emit (node:events:394:28)
      at Request.<anonymous> (/root/.nvm/versions/node/v16.4.1/lib/node_modules/yarn/lib/cli.js:141634:10)
      at Request.emit (node:events:394:28)
      at IncomingMessage.<anonymous> (/root/.nvm/versions/node/v16.4.1/lib/node_modules/yarn/lib/cli.js:141556:12)
      at Object.onceWrapper (node:events:513:28)
      at IncomingMessage.emit (node:events:406:35)
      at endReadableNT (node:internal/streams/readable:1329:12)
      at processTicksAndRejections (node:internal/process/task_queues:83:21)

npm manifest: 
  {
    "devDependencies": {
      "typescript": "^4.4.3"
    }
  }

yarn manifest: 
  No manifest

Lockfile: 
  # THIS IS AN AUTOGENERATED FILE. DO NOT EDIT THIS FILE DIRECTLY.
  # yarn lockfile v1
  
  
  typescript@^4.4.3:
    version "4.4.3"
    resolved "https://registry.yarnpkg.com/typescript/-/typescript-4.4.3.tgz#bdc5407caa2b109efd4f82fe130656f977a29324"
    integrity sha512-4xfscpisVgqqDfPaJo5vkd+Qd/ItkoagnHpufr+i2QCHBsNYp+G7UAoyFl8aPtx879u38wPV65rZ8qbGZijalA==
